droidAR/build/intermediates/manifest_merge_blame_file/debug/manifest-merger-blame-debug-report.txt
1<?xml version="1.0" encoding="utf-8"?>
2<manifest xmlns:android="http://schemas.android.com/apk/res/android"
3    package="de.rwth"
4    android:versionCode="1"
5    android:versionName="1.0" >
6    <!--
7         The minimum sdk version is set to 3 because all the methods should 
8		work for devices with android 1.5 as well. The development version is set 
9		to 1.6 to get access to stuff like high res. screens (eg samsung galaxy tab)
10    -->
11    <uses-sdk
11-->src\main\AndroidManifest.xml:67:5-43
12        android:minSdkVersion="5"
12-->src\main\AndroidManifest.xml:67:15-40
13        android:targetSdkVersion="5" />
13-->src\main\AndroidManifest.xml:67:5-43
14
15    <!--
16         IMPORTANT: The following permissions should also be added to each project 
17		which uses the DroidAR Library
18    -->
19    <uses-permission android:name="android.permission.ACCESS_COARSE_LOCATION" />
19-->src\main\AndroidManifest.xml:73:5-81
19-->src\main\AndroidManifest.xml:73:22-78
20    <uses-permission android:name="android.permission.ACCESS_FINE_LOCATION" />
20-->src\main\AndroidManifest.xml:74:5-79
20-->src\main\AndroidManifest.xml:74:22-76
21    <uses-permission android:name="android.permission.CAMERA" />
21-->src\main\AndroidManifest.xml:75:5-65
21-->src\main\AndroidManifest.xml:75:22-62
22    <uses-permission android:name="android.permission.INTERNET" />
22-->src\main\AndroidManifest.xml:76:5-67
22-->src\main\AndroidManifest.xml:76:22-64
23    <uses-permission android:name="android.permission.VIBRATE" />
23-->src\main\AndroidManifest.xml:77:5-66
23-->src\main\AndroidManifest.xml:77:22-63
24    <uses-permission android:name="android.permission.WRITE_EXTERNAL_STORAGE" />
24-->src\main\AndroidManifest.xml:78:5-81
24-->src\main\AndroidManifest.xml:78:22-78
25
26    <uses-feature android:name="android.hardware.camera" />
26-->src\main\AndroidManifest.xml:80:5-60
26-->src\main\AndroidManifest.xml:80:19-57
27    <uses-feature android:name="android.hardware.camera.autofocus" />
27-->src\main\AndroidManifest.xml:81:5-70
27-->src\main\AndroidManifest.xml:81:19-67
28    <uses-feature android:glEsVersion="0x00020000" />
28-->src\main\AndroidManifest.xml:82:5-54
28-->src\main\AndroidManifest.xml:82:19-51
29
30    <!--
31         This should be added to to allow the fullscreen mode to big screen 
32		devices like the samsung galaxy tab
33    -->
34    <supports-screens
34-->src\main\AndroidManifest.xml:88:5-92:39
35        android:anyDensity="true"
35-->src\main\AndroidManifest.xml:89:9-34
36        android:largeScreens="true"
36-->src\main\AndroidManifest.xml:90:9-36
37        android:normalScreens="true"
37-->src\main\AndroidManifest.xml:91:9-37
38        android:smallScreens="true" />
38-->src\main\AndroidManifest.xml:92:9-36
39
40    <application
40-->src\main\AndroidManifest.xml:7:5-60:19
41        android:debuggable="true"
41-->src\main\AndroidManifest.xml:8:9-34
42        android:icon="@drawable/icon"
42-->src\main\AndroidManifest.xml:9:9-38
43        android:label="@string/app_name" >
43-->src\main\AndroidManifest.xml:10:9-41
44        <activity android:name="de.rwth.TechDemoLauncher" >
44-->src\main\AndroidManifest.xml:11:9-17:20
44-->src\main\AndroidManifest.xml:11:19-50
45            <intent-filter>
45-->src\main\AndroidManifest.xml:12:13-16:29
46                <action android:name="android.intent.action.MAIN" />
46-->src\main\AndroidManifest.xml:13:17-69
46-->src\main\AndroidManifest.xml:13:25-66
47
48                <category android:name="android.intent.category.LAUNCHER" />
48-->src\main\AndroidManifest.xml:15:17-77
48-->src\main\AndroidManifest.xml:15:27-74
49            </intent-filter>
50        </activity>
51
52        <!--
53             IMPORTANT: The following activities have to be added to each project 
54			which imports the DroidAR Library
55        -->
56
57        <activity
57-->src\main\AndroidManifest.xml:24:9-29:20
58            android:name="system.ArActivity"
58-->src\main\AndroidManifest.xml:25:13-45
59            android:configChanges="keyboardHidden|orientation"
59-->src\main\AndroidManifest.xml:26:13-63
60            android:label="@string/app_name"
60-->src\main\AndroidManifest.xml:27:13-45
61            android:screenOrientation="landscape" >
61-->src\main\AndroidManifest.xml:28:13-50
62        </activity>
63
64        <!-- Custom List is used to easily display lists of any type of object -->
65        <activity android:name="gui.CustomListActivity" >
65-->src\main\AndroidManifest.xml:32:9-33:20
65-->src\main\AndroidManifest.xml:32:19-56
66        </activity>
67
68        <!-- the error handler will be automatically displayed when an error appears -->
69        <activity
69-->src\main\AndroidManifest.xml:36:9-47:20
70            android:name="system.ErrorHandler"
70-->src\main\AndroidManifest.xml:37:13-47
71            android:process=":myexeptionprocess"
71-->src\main\AndroidManifest.xml:38:13-49
72            android:taskAffinity="system.ErrorHandler" >
72-->src\main\AndroidManifest.xml:39:13-55
73            <intent-filter>
73-->src\main\AndroidManifest.xml:40:13-46:29
74                <category android:name="android.intent.category.DEFAULT" />
74-->src\main\AndroidManifest.xml:41:17-76
74-->src\main\AndroidManifest.xml:41:27-73
75
76                <action android:name="android.intent.action.VIEW" />
76-->src\main\AndroidManifest.xml:43:17-69
76-->src\main\AndroidManifest.xml:43:25-66
77
78                <data android:mimeType="errors/myUnhandleCatcher" />
78-->src\main\AndroidManifest.xml:45:17-69
78-->src\main\AndroidManifest.xml:45:23-66
79            </intent-filter>
80        </activity>
81
82        <!-- is needed to display information on application startup -->
83        <activity
83-->src\main\AndroidManifest.xml:50:9-53:20
84            android:name="gui.InfoScreen"
84-->src\main\AndroidManifest.xml:51:13-42
85            android:theme="@android:style/Theme.Dialog" >
85-->src\main\AndroidManifest.xml:52:13-56
86        </activity>
87
88        <!-- an activity to easily display any kind of ui -->
89        <activity
89-->src\main\AndroidManifest.xml:56:9-59:20
90            android:name="gui.simpleUI.SimpleUIv1"
90-->src\main\AndroidManifest.xml:57:13-51
91            android:theme="@android:style/Theme.Translucent" >
91-->src\main\AndroidManifest.xml:58:13-61
92        </activity>
93    </application>
94
95</manifest>